# JRE version: Java(TM) SE Runtime Environment (8.0_131-b11) (build 1.8.0_131-b11)
# Java VM: Java HotSpot(TM) 64-Bit Server VM (25.131-b11 mixed mode windows-amd64 compressed oops)
Heap:
 PSYoungGen      total 26624K, used 8544K [0x00000000eb600000, 0x00000000eda80000, 0x0000000100000000)
  eden space 15872K, 10% used [0x00000000eb600000,0x00000000eb79e168,0x00000000ec580000)
  from space 10752K, 64% used [0x00000000ed000000,0x00000000ed6ba060,0x00000000eda80000)
  to   space 10752K, 0% used [0x00000000ec580000,0x00000000ec580000,0x00000000ed000000)
 ParOldGen       total 34304K, used 17142K [0x00000000c2200000, 0x00000000c4380000, 0x00000000eb600000)
  object space 34304K, 49% used [0x00000000c2200000,0x00000000c32bda80,0x00000000c4380000)
 Metaspace       used 21464K, capacity 21729K, committed 22016K, reserved 1069056K
  class space    used 2196K, capacity 2287K, committed 2304K, reserved 1048576K
GC Heap History (10 events):
Event: 20.034 GC heap before
{Heap before GC invocations=5 (full 1):
 PSYoungGen      total 18432K, used 15826K [0x00000000eb600000, 0x00000000eca80000, 0x0000000100000000)
  eden space 15872K, 99% used [0x00000000eb600000,0x00000000ec574b18,0x00000000ec580000)
  from space 2560K, 0% used [0x00000000ec580000,0x00000000ec580000,0x00000000ec800000)
  to   space 2560K, 0% used [0x00000000ec800000,0x00000000ec800000,0x00000000eca80000)
 ParOldGen       total 34304K, used 8902K [0x00000000c2200000, 0x00000000c4380000, 0x00000000eb600000)
  object space 34304K, 25% used [0x00000000c2200000,0x00000000c2ab1be0,0x00000000c4380000)
 Metaspace       used 21130K, capacity 21313K, committed 21504K, reserved 1069056K
  class space    used 2179K, capacity 2255K, committed 2304K, reserved 1048576K
Event: 20.040 GC heap after
Heap after GC invocations=5 (full 1):
 PSYoungGen      total 18432K, used 2528K [0x00000000eb600000, 0x00000000eca80000, 0x0000000100000000)
  eden space 15872K, 0% used [0x00000000eb600000,0x00000000eb600000,0x00000000ec580000)
  from space 2560K, 98% used [0x00000000ec800000,0x00000000eca78020,0x00000000eca80000)
  to   space 2560K, 0% used [0x00000000ec580000,0x00000000ec580000,0x00000000ec800000)
 ParOldGen       total 34304K, used 14394K [0x00000000c2200000, 0x00000000c4380000, 0x00000000eb600000)
  object space 34304K, 41% used [0x00000000c2200000,0x00000000c300ea50,0x00000000c4380000)
 Metaspace       used 21130K, capacity 21313K, committed 21504K, reserved 1069056K
  class space    used 2179K, capacity 2255K, committed 2304K, reserved 1048576K
}
Event: 22.754 GC heap before
{Heap before GC invocations=6 (full 1):
 PSYoungGen      total 18432K, used 18287K [0x00000000eb600000, 0x00000000eca80000, 0x0000000100000000)
  eden space 15872K, 99% used [0x00000000eb600000,0x00000000ec563f88,0x00000000ec580000)
  from space 2560K, 98% used [0x00000000ec800000,0x00000000eca78020,0x00000000eca80000)
  to   space 2560K, 0% used [0x00000000ec580000,0x00000000ec580000,0x00000000ec800000)
 ParOldGen       total 34304K, used 14394K [0x00000000c2200000, 0x00000000c4380000, 0x00000000eb600000)
  object space 34304K, 41% used [0x00000000c2200000,0x00000000c300ea50,0x00000000c4380000)
 Metaspace       used 21174K, capacity 21377K, committed 21504K, reserved 1069056K
  class space    used 2179K, capacity 2255K, committed 2304K, reserved 1048576K
Event: 22.758 GC heap after
Heap after GC invocations=6 (full 1):
 PSYoungGen      total 18432K, used 2528K [0x00000000eb600000, 0x00000000edb80000, 0x0000000100000000)
  eden space 15872K, 0% used [0x00000000eb600000,0x00000000eb600000,0x00000000ec580000)
  from space 2560K, 98% used [0x00000000ec580000,0x00000000ec7f8020,0x00000000ec800000)
  to   space 11264K, 0% used [0x00000000ed080000,0x00000000ed080000,0x00000000edb80000)
 ParOldGen       total 34304K, used 17126K [0x00000000c2200000, 0x00000000c4380000, 0x00000000eb600000)
  object space 34304K, 49% used [0x00000000c2200000,0x00000000c32b9a80,0x00000000c4380000)
 Metaspace       used 21174K, capacity 21377K, committed 21504K, reserved 1069056K
  class space    used 2179K, capacity 2255K, committed 2304K, reserved 1048576K
}
Event: 25.315 GC heap before
{Heap before GC invocations=7 (full 1):
 PSYoungGen      total 18432K, used 17611K [0x00000000eb600000, 0x00000000edb80000, 0x0000000100000000)
  eden space 15872K, 95% used [0x00000000eb600000,0x00000000ec4bacb0,0x00000000ec580000)
  from space 2560K, 98% used [0x00000000ec580000,0x00000000ec7f8020,0x00000000ec800000)
  to   space 11264K, 0% used [0x00000000ed080000,0x00000000ed080000,0x00000000edb80000)
 ParOldGen       total 34304K, used 17126K [0x00000000c2200000, 0x00000000c4380000, 0x00000000eb600000)
  object space 34304K, 49% used [0x00000000c2200000,0x00000000c32b9a80,0x00000000c4380000)
 Metaspace       used 21308K, capacity 21505K, committed 21760K, reserved 1069056K
  class space    used 2182K, capacity 2255K, committed 2304K, reserved 1048576K
Event: 25.321 GC heap after
Heap after GC invocations=7 (full 1):
 PSYoungGen      total 27136K, used 7724K [0x00000000eb600000, 0x00000000edb80000, 0x0000000100000000)
  eden space 15872K, 0% used [0x00000000eb600000,0x00000000eb600000,0x00000000ec580000)
  from space 11264K, 68% used [0x00000000ed080000,0x00000000ed80b070,0x00000000edb80000)
  to   space 11264K, 0% used [0x00000000ec580000,0x00000000ec580000,0x00000000ed080000)
 ParOldGen       total 34304K, used 17134K [0x00000000c2200000, 0x00000000c4380000, 0x00000000eb600000)
  object space 34304K, 49% used [0x00000000c2200000,0x00000000c32bba80,0x00000000c4380000)
 Metaspace       used 21308K, capacity 21505K, committed 21760K, reserved 1069056K
  class space    used 2182K, capacity 2255K, committed 2304K, reserved 1048576K
}
Event: 27.874 GC heap before
{Heap before GC invocations=8 (full 1):
 PSYoungGen      total 27136K, used 22706K [0x00000000eb600000, 0x00000000edb80000, 0x0000000100000000)
  eden space 15872K, 94% used [0x00000000eb600000,0x00000000ec4a1968,0x00000000ec580000)
  from space 11264K, 68% used [0x00000000ed080000,0x00000000ed80b070,0x00000000edb80000)
  to   space 11264K, 0% used [0x00000000ec580000,0x00000000ec580000,0x00000000ed080000)
 ParOldGen       total 34304K, used 17134K [0x00000000c2200000, 0x00000000c4380000, 0x00000000eb600000)
  object space 34304K, 49% used [0x00000000c2200000,0x00000000c32bba80,0x00000000c4380000)
 Metaspace       used 21344K, capacity 21569K, committed 21760K, reserved 1069056K
  class space    used 2182K, capacity 2255K, committed 2304K, reserved 1048576K
Event: 27.877 GC heap after
Heap after GC invocations=8 (full 1):
 PSYoungGen      total 21504K, used 5356K [0x00000000eb600000, 0x00000000eda80000, 0x0000000100000000)
  eden space 15872K, 0% used [0x00000000eb600000,0x00000000eb600000,0x00000000ec580000)
  from space 5632K, 95% used [0x00000000ec580000,0x00000000ecabb050,0x00000000ecb00000)
  to   space 10752K, 0% used [0x00000000ed000000,0x00000000ed000000,0x00000000eda80000)
 ParOldGen       total 34304K, used 17142K [0x00000000c2200000, 0x00000000c4380000, 0x00000000eb600000)
  object space 34304K, 49% used [0x00000000c2200000,0x00000000c32bda80,0x00000000c4380000)
 Metaspace       used 21344K, capacity 21569K, committed 21760K, reserved 1069056K
  class space    used 2182K, capacity 2255K, committed 2304K, reserved 1048576K
}
Event: 30.434 GC heap before
{Heap before GC invocations=9 (full 1):
 PSYoungGen      total 21504K, used 20576K [0x00000000eb600000, 0x00000000eda80000, 0x0000000100000000)
  eden space 15872K, 95% used [0x00000000eb600000,0x00000000ec4dd070,0x00000000ec580000)
  from space 5632K, 95% used [0x00000000ec580000,0x00000000ecabb050,0x00000000ecb00000)
  to   space 10752K, 0% used [0x00000000ed000000,0x00000000ed000000,0x00000000eda80000)
 ParOldGen       total 34304K, used 17142K [0x00000000c2200000, 0x00000000c4380000, 0x00000000eb600000)
  object space 34304K, 49% used [0x00000000c2200000,0x00000000c32bda80,0x00000000c4380000)
 Metaspace       used 21459K, capacity 21729K, committed 22016K, reserved 1069056K
  class space    used 2196K, capacity 2287K, committed 2304K, reserved 1048576K
Event: 30.438 GC heap after
Heap after GC invocations=9 (full 1):
 PSYoungGen      total 26624K, used 6888K [0x00000000eb600000, 0x00000000eda80000, 0x0000000100000000)
  eden space 15872K, 0% used [0x00000000eb600000,0x00000000eb600000,0x00000000ec580000)
  from space 10752K, 64% used [0x00000000ed000000,0x00000000ed6ba060,0x00000000eda80000)
  to   space 10752K, 0% used [0x00000000ec580000,0x00000000ec580000,0x00000000ed000000)
 ParOldGen       total 34304K, used 17142K [0x00000000c2200000, 0x00000000c4380000, 0x00000000eb600000)
  object space 34304K, 49% used [0x00000000c2200000,0x00000000c32bda80,0x00000000c4380000)
 Metaspace       used 21459K, capacity 21729K, committed 22016K, reserved 1069056K
  class space    used 2196K, capacity 2287K, committed 2304K, reserved 1048576K
}

