# JRE version: Java(TM) SE Runtime Environment (8.0_131-b11) (build 1.8.0_131-b11)
# Java VM: Java HotSpot(TM) 64-Bit Server VM (25.131-b11 mixed mode windows-amd64 compressed oops)
Heap:
 PSYoungGen      total 20480K, used 5610K [0x00000000eb600000, 0x00000000ed580000, 0x0000000100000000)
  eden space 15872K, 8% used [0x00000000eb600000,0x00000000eb759f10,0x00000000ec580000)
  from space 4608K, 91% used [0x00000000ec580000,0x00000000ec9a0c90,0x00000000eca00000)
  to   space 8192K, 0% used [0x00000000ecd80000,0x00000000ecd80000,0x00000000ed580000)
 ParOldGen       total 35328K, used 21876K [0x00000000c2200000, 0x00000000c4480000, 0x00000000eb600000)
  object space 35328K, 61% used [0x00000000c2200000,0x00000000c375d3c0,0x00000000c4480000)
 Metaspace       used 21728K, capacity 21929K, committed 22016K, reserved 1069056K
  class space    used 2216K, capacity 2287K, committed 2304K, reserved 1048576K
GC Heap History (10 events):
Event: 77.423 GC heap before
{Heap before GC invocations=26 (full 1):
 PSYoungGen      total 25088K, used 18438K [0x00000000eb600000, 0x00000000ed780000, 0x0000000100000000)
  eden space 15872K, 98% used [0x00000000eb600000,0x00000000ec53e9a0,0x00000000ec580000)
  from space 9216K, 30% used [0x00000000ece80000,0x00000000ed143030,0x00000000ed780000)
  to   space 9216K, 0% used [0x00000000ec580000,0x00000000ec580000,0x00000000ece80000)
 ParOldGen       total 35328K, used 21836K [0x00000000c2200000, 0x00000000c4480000, 0x00000000eb600000)
  object space 35328K, 61% used [0x00000000c2200000,0x00000000c37533c0,0x00000000c4480000)
 Metaspace       used 21387K, capacity 21577K, committed 21760K, reserved 1069056K
  class space    used 2180K, capacity 2255K, committed 2304K, reserved 1048576K
Event: 77.425 GC heap after
Heap after GC invocations=26 (full 1):
 PSYoungGen      total 25088K, used 2828K [0x00000000eb600000, 0x00000000ed780000, 0x0000000100000000)
  eden space 15872K, 0% used [0x00000000eb600000,0x00000000eb600000,0x00000000ec580000)
  from space 9216K, 30% used [0x00000000ec580000,0x00000000ec843030,0x00000000ece80000)
  to   space 9216K, 0% used [0x00000000ece80000,0x00000000ece80000,0x00000000ed780000)
 ParOldGen       total 35328K, used 21844K [0x00000000c2200000, 0x00000000c4480000, 0x00000000eb600000)
  object space 35328K, 61% used [0x00000000c2200000,0x00000000c37553c0,0x00000000c4480000)
 Metaspace       used 21387K, capacity 21577K, committed 21760K, reserved 1069056K
  class space    used 2180K, capacity 2255K, committed 2304K, reserved 1048576K
}
Event: 80.143 GC heap before
{Heap before GC invocations=27 (full 1):
 PSYoungGen      total 25088K, used 18510K [0x00000000eb600000, 0x00000000ed780000, 0x0000000100000000)
  eden space 15872K, 98% used [0x00000000eb600000,0x00000000ec550818,0x00000000ec580000)
  from space 9216K, 30% used [0x00000000ec580000,0x00000000ec843030,0x00000000ece80000)
  to   space 9216K, 0% used [0x00000000ece80000,0x00000000ece80000,0x00000000ed780000)
 ParOldGen       total 35328K, used 21844K [0x00000000c2200000, 0x00000000c4480000, 0x00000000eb600000)
  object space 35328K, 61% used [0x00000000c2200000,0x00000000c37553c0,0x00000000c4480000)
 Metaspace       used 21417K, capacity 21641K, committed 21760K, reserved 1069056K
  class space    used 2180K, capacity 2255K, committed 2304K, reserved 1048576K
Event: 80.145 GC heap after
Heap after GC invocations=27 (full 1):
 PSYoungGen      total 24064K, used 2828K [0x00000000eb600000, 0x00000000ed680000, 0x0000000100000000)
  eden space 15872K, 0% used [0x00000000eb600000,0x00000000eb600000,0x00000000ec580000)
  from space 8192K, 34% used [0x00000000ece80000,0x00000000ed143030,0x00000000ed680000)
  to   space 8704K, 0% used [0x00000000ec580000,0x00000000ec580000,0x00000000ece00000)
 ParOldGen       total 35328K, used 21852K [0x00000000c2200000, 0x00000000c4480000, 0x00000000eb600000)
  object space 35328K, 61% used [0x00000000c2200000,0x00000000c37573c0,0x00000000c4480000)
 Metaspace       used 21417K, capacity 21641K, committed 21760K, reserved 1069056K
  class space    used 2180K, capacity 2255K, committed 2304K, reserved 1048576K
}
Event: 82.862 GC heap before
{Heap before GC invocations=28 (full 1):
 PSYoungGen      total 24064K, used 18483K [0x00000000eb600000, 0x00000000ed680000, 0x0000000100000000)
  eden space 15872K, 98% used [0x00000000eb600000,0x00000000ec549ec0,0x00000000ec580000)
  from space 8192K, 34% used [0x00000000ece80000,0x00000000ed143030,0x00000000ed680000)
  to   space 8704K, 0% used [0x00000000ec580000,0x00000000ec580000,0x00000000ece00000)
 ParOldGen       total 35328K, used 21852K [0x00000000c2200000, 0x00000000c4480000, 0x00000000eb600000)
  object space 35328K, 61% used [0x00000000c2200000,0x00000000c37573c0,0x00000000c4480000)
 Metaspace       used 21418K, capacity 21641K, committed 21760K, reserved 1069056K
  class space    used 2180K, capacity 2255K, committed 2304K, reserved 1048576K
Event: 82.865 GC heap after
Heap after GC invocations=28 (full 1):
 PSYoungGen      total 24576K, used 2828K [0x00000000eb600000, 0x00000000ed680000, 0x0000000100000000)
  eden space 15872K, 0% used [0x00000000eb600000,0x00000000eb600000,0x00000000ec580000)
  from space 8704K, 32% used [0x00000000ec580000,0x00000000ec843030,0x00000000ece00000)
  to   space 8704K, 0% used [0x00000000ece00000,0x00000000ece00000,0x00000000ed680000)
 ParOldGen       total 35328K, used 21860K [0x00000000c2200000, 0x00000000c4480000, 0x00000000eb600000)
  object space 35328K, 61% used [0x00000000c2200000,0x00000000c37593c0,0x00000000c4480000)
 Metaspace       used 21418K, capacity 21641K, committed 21760K, reserved 1069056K
  class space    used 2180K, capacity 2255K, committed 2304K, reserved 1048576K
}
Event: 85.523 GC heap before
{Heap before GC invocations=29 (full 1):
 PSYoungGen      total 24576K, used 18700K [0x00000000eb600000, 0x00000000ed680000, 0x0000000100000000)
  eden space 15872K, 100% used [0x00000000eb600000,0x00000000ec580000,0x00000000ec580000)
  from space 8704K, 32% used [0x00000000ec580000,0x00000000ec843030,0x00000000ece00000)
  to   space 8704K, 0% used [0x00000000ece00000,0x00000000ece00000,0x00000000ed680000)
 ParOldGen       total 35328K, used 21860K [0x00000000c2200000, 0x00000000c4480000, 0x00000000eb600000)
  object space 35328K, 61% used [0x00000000c2200000,0x00000000c37593c0,0x00000000c4480000)
 Metaspace       used 21432K, capacity 21641K, committed 21760K, reserved 1069056K
  class space    used 2180K, capacity 2255K, committed 2304K, reserved 1048576K
Event: 85.529 GC heap after
Heap after GC invocations=29 (full 1):
 PSYoungGen      total 24576K, used 1960K [0x00000000eb600000, 0x00000000ed680000, 0x0000000100000000)
  eden space 15872K, 0% used [0x00000000eb600000,0x00000000eb600000,0x00000000ec580000)
  from space 8704K, 22% used [0x00000000ece00000,0x00000000ecfea020,0x00000000ed680000)
  to   space 8704K, 0% used [0x00000000ec580000,0x00000000ec580000,0x00000000ece00000)
 ParOldGen       total 35328K, used 21860K [0x00000000c2200000, 0x00000000c4480000, 0x00000000eb600000)
  object space 35328K, 61% used [0x00000000c2200000,0x00000000c37593c0,0x00000000c4480000)
 Metaspace       used 21432K, capacity 21641K, committed 21760K, reserved 1069056K
  class space    used 2180K, capacity 2255K, committed 2304K, reserved 1048576K
}
Event: 87.662 GC heap before
{Heap before GC invocations=30 (full 1):
 PSYoungGen      total 24576K, used 17081K [0x00000000eb600000, 0x00000000ed680000, 0x0000000100000000)
  eden space 15872K, 95% used [0x00000000eb600000,0x00000000ec4c4578,0x00000000ec580000)
  from space 8704K, 22% used [0x00000000ece00000,0x00000000ecfea020,0x00000000ed680000)
  to   space 8704K, 0% used [0x00000000ec580000,0x00000000ec580000,0x00000000ece00000)
 ParOldGen       total 35328K, used 21860K [0x00000000c2200000, 0x00000000c4480000, 0x00000000eb600000)
  object space 35328K, 61% used [0x00000000c2200000,0x00000000c37593c0,0x00000000c4480000)
 Metaspace       used 21728K, capacity 21929K, committed 22016K, reserved 1069056K
  class space    used 2216K, capacity 2287K, committed 2304K, reserved 1048576K
Event: 87.665 GC heap after
Heap after GC invocations=30 (full 1):
 PSYoungGen      total 20480K, used 4227K [0x00000000eb600000, 0x00000000ed580000, 0x0000000100000000)
  eden space 15872K, 0% used [0x00000000eb600000,0x00000000eb600000,0x00000000ec580000)
  from space 4608K, 91% used [0x00000000ec580000,0x00000000ec9a0c90,0x00000000eca00000)
  to   space 8192K, 0% used [0x00000000ecd80000,0x00000000ecd80000,0x00000000ed580000)
 ParOldGen       total 35328K, used 21876K [0x00000000c2200000, 0x00000000c4480000, 0x00000000eb600000)
  object space 35328K, 61% used [0x00000000c2200000,0x00000000c375d3c0,0x00000000c4480000)
 Metaspace       used 21728K, capacity 21929K, committed 22016K, reserved 1069056K
  class space    used 2216K, capacity 2287K, committed 2304K, reserved 1048576K
}

